app/build/intermediates/manifest_merge_blame_file/debug/manifest-merger-blame-debug-report.txt
1<?xml version="1.0" encoding="utf-8"?>
2<manifest xmlns:android="http://schemas.android.com/apk/res/android"
3    package="com.melvin.quickalert"
4    android:versionCode="1"
5    android:versionName="1.0" >
6
7    <uses-sdk
8        android:minSdkVersion="19"
8-->src\main\AndroidManifest.xml
9        android:targetSdkVersion="32" />
9-->src\main\AndroidManifest.xml
10
11    <uses-permission android:name="android.permission.ACCESS_COARSE_LOCATION" />
11-->src\main\AndroidManifest.xml:5:5-81
11-->src\main\AndroidManifest.xml:5:22-78
12    <uses-permission android:name="android.permission.ACCESS_FINE_LOCATION" />
12-->src\main\AndroidManifest.xml:6:5-79
12-->src\main\AndroidManifest.xml:6:22-76
13    <uses-permission android:name="android.permission.WRITE_EXTERNAL_STORAGE" />
13-->src\main\AndroidManifest.xml:7:5-81
13-->src\main\AndroidManifest.xml:7:22-78
14    <uses-permission android:name="android.permission.READ_CONTACTS" />
14-->src\main\AndroidManifest.xml:8:5-72
14-->src\main\AndroidManifest.xml:8:22-69
15
16    <!-- Although the *SdkVersion is captured in gradle build files, this is required for non gradle builds -->
17    <!-- <uses-sdk android:minSdkVersion="14"/> -->
18    <uses-permission android:name="android.permission.ACCESS_NETWORK_STATE" />
18-->[com.google.firebase:firebase-database:20.0.4] AndroidManifest.xml:25:5-79
18-->[com.google.firebase:firebase-database:20.0.4] AndroidManifest.xml:25:22-76
19    <uses-permission android:name="android.permission.INTERNET" />
19-->[com.google.firebase:firebase-database:20.0.4] AndroidManifest.xml:26:5-67
19-->[com.google.firebase:firebase-database:20.0.4] AndroidManifest.xml:26:22-64
20
21    <uses-feature
21-->[com.google.android.gms:play-services-maps:18.0.2] AndroidManifest.xml:26:5-28:35
22        android:glEsVersion="0x00020000"
22-->[com.google.android.gms:play-services-maps:18.0.2] AndroidManifest.xml:27:9-41
23        android:required="true" />
23-->[com.google.android.gms:play-services-maps:18.0.2] AndroidManifest.xml:28:9-32
24
25    <queries>
25-->[com.google.android.gms:play-services-maps:18.0.2] AndroidManifest.xml:30:5-34:15
26
27        <!-- Needs to be explicitly declared on Android R+ -->
28        <package android:name="com.google.android.apps.maps" />
28-->[com.google.android.gms:play-services-maps:18.0.2] AndroidManifest.xml:33:9-64
28-->[com.google.android.gms:play-services-maps:18.0.2] AndroidManifest.xml:33:18-61
29    </queries>
30
31    <application
31-->src\main\AndroidManifest.xml:10:5-39:19
32        android:allowBackup="true"
32-->src\main\AndroidManifest.xml:11:9-35
33        android:appComponentFactory="androidx.core.app.CoreComponentFactory"
33-->[androidx.core:core:1.7.0] AndroidManifest.xml:24:18-86
34        android:debuggable="true"
35        android:icon="@mipmap/ic_launcher"
35-->src\main\AndroidManifest.xml:12:9-43
36        android:label="Quick alert"
36-->src\main\AndroidManifest.xml:13:9-36
37        android:roundIcon="@mipmap/ic_launcher_round"
37-->src\main\AndroidManifest.xml:14:9-54
38        android:supportsRtl="true"
38-->src\main\AndroidManifest.xml:15:9-35
39        android:testOnly="true"
40        android:theme="@style/Theme.QuickAlert" >
40-->src\main\AndroidManifest.xml:16:9-48
41        <activity
41-->src\main\AndroidManifest.xml:17:9-19:40
42            android:name="com.melvin.quickalert.EmergencyCases"
42-->src\main\AndroidManifest.xml:18:13-43
43            android:exported="false" />
43-->src\main\AndroidManifest.xml:19:13-37
44        <activity
44-->src\main\AndroidManifest.xml:20:9-22:49
45            android:name="com.melvin.quickalert.MapActivity"
45-->src\main\AndroidManifest.xml:21:13-40
46            android:exported="false" />
46-->src\main\AndroidManifest.xml:22:13-37
47        <activity
47-->src\main\AndroidManifest.xml:23:9-31:20
48            android:name="com.melvin.quickalert.LoginActivity"
48-->src\main\AndroidManifest.xml:24:13-42
49            android:exported="true" >
49-->src\main\AndroidManifest.xml:25:13-36
50            <intent-filter>
50-->src\main\AndroidManifest.xml:26:13-30:29
51                <action android:name="android.intent.action.MAIN" />
51-->src\main\AndroidManifest.xml:27:17-69
51-->src\main\AndroidManifest.xml:27:25-66
52
53                <category android:name="android.intent.category.LAUNCHER" />
53-->src\main\AndroidManifest.xml:29:17-77
53-->src\main\AndroidManifest.xml:29:27-74
54            </intent-filter>
55        </activity>
56        <activity
56-->src\main\AndroidManifest.xml:32:9-34:48
57            android:name="com.melvin.quickalert.RegistrationActivity"
57-->src\main\AndroidManifest.xml:33:13-49
58            android:exported="true" />
58-->src\main\AndroidManifest.xml:34:13-36
59
60        <meta-data
60-->src\main\AndroidManifest.xml:36:9-38:81
61            android:name="com.google.android.geo.API_KEY"
61-->src\main\AndroidManifest.xml:37:13-58
62            android:value="AIzaSyCpCg4I3UlzVeS9YGp9hi78oHkCQQ_IRFI" />
62-->src\main\AndroidManifest.xml:38:13-68
63
64        <activity
64-->[com.karumi:dexter:6.2.3] AndroidManifest.xml:27:9-29:72
65            android:name="com.karumi.dexter.DexterActivity"
65-->[com.karumi:dexter:6.2.3] AndroidManifest.xml:28:13-60
66            android:theme="@style/Dexter.Internal.Theme.Transparent" />
66-->[com.karumi:dexter:6.2.3] AndroidManifest.xml:29:13-69
67
68        <service
68-->[com.google.firebase:firebase-database:20.0.4] AndroidManifest.xml:29:9-35:19
69            android:name="com.google.firebase.components.ComponentDiscoveryService"
69-->[com.google.firebase:firebase-database:20.0.4] AndroidManifest.xml:30:13-84
70            android:directBootAware="true"
70-->[com.google.firebase:firebase-common:20.1.0] AndroidManifest.xml:35:13-43
71            android:exported="false" >
71-->[com.google.firebase:firebase-database:20.0.4] AndroidManifest.xml:31:13-37
72            <meta-data
72-->[com.google.firebase:firebase-database:20.0.4] AndroidManifest.xml:32:13-34:85
73                android:name="com.google.firebase.components:com.google.firebase.database.DatabaseRegistrar"
73-->[com.google.firebase:firebase-database:20.0.4] AndroidManifest.xml:33:17-109
74                android:value="com.google.firebase.components.ComponentRegistrar" />
74-->[com.google.firebase:firebase-database:20.0.4] AndroidManifest.xml:34:17-82
75            <meta-data
75-->[com.google.firebase:firebase-auth:21.0.5] AndroidManifest.xml:67:13-69:85
76                android:name="com.google.firebase.components:com.google.firebase.auth.FirebaseAuthRegistrar"
76-->[com.google.firebase:firebase-auth:21.0.5] AndroidManifest.xml:68:17-109
77                android:value="com.google.firebase.components.ComponentRegistrar" />
77-->[com.google.firebase:firebase-auth:21.0.5] AndroidManifest.xml:69:17-82
78            <meta-data
78-->[com.google.firebase:firebase-storage:20.0.1] AndroidManifest.xml:33:13-35:85
79                android:name="com.google.firebase.components:com.google.firebase.storage.StorageRegistrar"
79-->[com.google.firebase:firebase-storage:20.0.1] AndroidManifest.xml:34:17-107
80                android:value="com.google.firebase.components.ComponentRegistrar" />
80-->[com.google.firebase:firebase-storage:20.0.1] AndroidManifest.xml:35:17-82
81        </service>
82
83        <activity
83-->[com.google.firebase:firebase-auth:21.0.5] AndroidManifest.xml:27:9-44:20
84            android:name="com.google.firebase.auth.internal.GenericIdpActivity"
84-->[com.google.firebase:firebase-auth:21.0.5] AndroidManifest.xml:28:13-80
85            android:excludeFromRecents="true"
85-->[com.google.firebase:firebase-auth:21.0.5] AndroidManifest.xml:29:13-46
86            android:exported="true"
86-->[com.google.firebase:firebase-auth:21.0.5] AndroidManifest.xml:30:13-36
87            android:launchMode="singleTask"
87-->[com.google.firebase:firebase-auth:21.0.5] AndroidManifest.xml:31:13-44
88            android:theme="@android:style/Theme.Translucent.NoTitleBar" >
88-->[com.google.firebase:firebase-auth:21.0.5] AndroidManifest.xml:32:13-72
89            <intent-filter>
89-->[com.google.firebase:firebase-auth:21.0.5] AndroidManifest.xml:33:13-43:29
90                <action android:name="android.intent.action.VIEW" />
90-->[com.google.firebase:firebase-auth:21.0.5] AndroidManifest.xml:34:17-69
90-->[com.google.firebase:firebase-auth:21.0.5] AndroidManifest.xml:34:25-66
91
92                <category android:name="android.intent.category.DEFAULT" />
92-->[com.google.firebase:firebase-auth:21.0.5] AndroidManifest.xml:36:17-76
92-->[com.google.firebase:firebase-auth:21.0.5] AndroidManifest.xml:36:27-73
93                <category android:name="android.intent.category.BROWSABLE" />
93-->[com.google.firebase:firebase-auth:21.0.5] AndroidManifest.xml:37:17-78
93-->[com.google.firebase:firebase-auth:21.0.5] AndroidManifest.xml:37:27-75
94
95                <data
95-->[com.google.firebase:firebase-auth:21.0.5] AndroidManifest.xml:39:17-42:51
96                    android:host="firebase.auth"
96-->[com.google.firebase:firebase-auth:21.0.5] AndroidManifest.xml:40:21-49
97                    android:path="/"
97-->[com.google.firebase:firebase-auth:21.0.5] AndroidManifest.xml:41:21-37
98                    android:scheme="genericidp" />
98-->[com.google.firebase:firebase-auth:21.0.5] AndroidManifest.xml:42:21-48
99            </intent-filter>
100        </activity>
101        <activity
101-->[com.google.firebase:firebase-auth:21.0.5] AndroidManifest.xml:45:9-62:20
102            android:name="com.google.firebase.auth.internal.RecaptchaActivity"
102-->[com.google.firebase:firebase-auth:21.0.5] AndroidManifest.xml:46:13-79
103            android:excludeFromRecents="true"
103-->[com.google.firebase:firebase-auth:21.0.5] AndroidManifest.xml:47:13-46
104            android:exported="true"
104-->[com.google.firebase:firebase-auth:21.0.5] AndroidManifest.xml:48:13-36
105            android:launchMode="singleTask"
105-->[com.google.firebase:firebase-auth:21.0.5] AndroidManifest.xml:49:13-44
106            android:theme="@android:style/Theme.Translucent.NoTitleBar" >
106-->[com.google.firebase:firebase-auth:21.0.5] AndroidManifest.xml:50:13-72
107            <intent-filter>
107-->[com.google.firebase:firebase-auth:21.0.5] AndroidManifest.xml:51:13-61:29
108                <action android:name="android.intent.action.VIEW" />
108-->[com.google.firebase:firebase-auth:21.0.5] AndroidManifest.xml:34:17-69
108-->[com.google.firebase:firebase-auth:21.0.5] AndroidManifest.xml:34:25-66
109
110                <category android:name="android.intent.category.DEFAULT" />
110-->[com.google.firebase:firebase-auth:21.0.5] AndroidManifest.xml:36:17-76
110-->[com.google.firebase:firebase-auth:21.0.5] AndroidManifest.xml:36:27-73
111                <category android:name="android.intent.category.BROWSABLE" />
111-->[com.google.firebase:firebase-auth:21.0.5] AndroidManifest.xml:37:17-78
111-->[com.google.firebase:firebase-auth:21.0.5] AndroidManifest.xml:37:27-75
112
113                <data
113-->[com.google.firebase:firebase-auth:21.0.5] AndroidManifest.xml:39:17-42:51
114                    android:host="firebase.auth"
114-->[com.google.firebase:firebase-auth:21.0.5] AndroidManifest.xml:40:21-49
115                    android:path="/"
115-->[com.google.firebase:firebase-auth:21.0.5] AndroidManifest.xml:41:21-37
116                    android:scheme="recaptcha" />
116-->[com.google.firebase:firebase-auth:21.0.5] AndroidManifest.xml:42:21-48
117            </intent-filter>
118        </activity> <!-- Needs to be explicitly declared on P+ -->
119        <uses-library
119-->[com.google.android.gms:play-services-maps:18.0.2] AndroidManifest.xml:39:9-41:40
120            android:name="org.apache.http.legacy"
120-->[com.google.android.gms:play-services-maps:18.0.2] AndroidManifest.xml:40:13-50
121            android:required="false" />
121-->[com.google.android.gms:play-services-maps:18.0.2] AndroidManifest.xml:41:13-37
122
123        <activity
123-->[com.google.android.gms:play-services-base:18.0.1] AndroidManifest.xml:20:9-22:45
124            android:name="com.google.android.gms.common.api.GoogleApiActivity"
124-->[com.google.android.gms:play-services-base:18.0.1] AndroidManifest.xml:20:19-85
125            android:exported="false"
125-->[com.google.android.gms:play-services-base:18.0.1] AndroidManifest.xml:22:19-43
126            android:theme="@android:style/Theme.Translucent.NoTitleBar" />
126-->[com.google.android.gms:play-services-base:18.0.1] AndroidManifest.xml:21:19-78
127
128        <provider
128-->[com.google.firebase:firebase-common:20.1.0] AndroidManifest.xml:26:9-31:39
129            android:name="com.google.firebase.provider.FirebaseInitProvider"
129-->[com.google.firebase:firebase-common:20.1.0] AndroidManifest.xml:27:13-77
130            android:authorities="com.melvin.quickalert.firebaseinitprovider"
130-->[com.google.firebase:firebase-common:20.1.0] AndroidManifest.xml:28:13-72
131            android:directBootAware="true"
131-->[com.google.firebase:firebase-common:20.1.0] AndroidManifest.xml:29:13-43
132            android:exported="false"
132-->[com.google.firebase:firebase-common:20.1.0] AndroidManifest.xml:30:13-37
133            android:initOrder="100" />
133-->[com.google.firebase:firebase-common:20.1.0] AndroidManifest.xml:31:13-36
134
135        <meta-data
135-->[com.google.android.gms:play-services-basement:18.0.0] AndroidManifest.xml:21:9-23:69
136            android:name="com.google.android.gms.version"
136-->[com.google.android.gms:play-services-basement:18.0.0] AndroidManifest.xml:22:13-58
137            android:value="@integer/google_play_services_version" />
137-->[com.google.android.gms:play-services-basement:18.0.0] AndroidManifest.xml:23:13-66
138
139        <provider
139-->[androidx.emoji2:emoji2:1.0.0] AndroidManifest.xml:26:9-34:20
140            android:name="androidx.startup.InitializationProvider"
140-->[androidx.emoji2:emoji2:1.0.0] AndroidManifest.xml:27:13-67
141            android:authorities="com.melvin.quickalert.androidx-startup"
141-->[androidx.emoji2:emoji2:1.0.0] AndroidManifest.xml:28:13-68
142            android:exported="false" >
142-->[androidx.emoji2:emoji2:1.0.0] AndroidManifest.xml:29:13-37
143            <meta-data
143-->[androidx.emoji2:emoji2:1.0.0] AndroidManifest.xml:31:13-33:52
144                android:name="androidx.emoji2.text.EmojiCompatInitializer"
144-->[androidx.emoji2:emoji2:1.0.0] AndroidManifest.xml:32:17-75
145                android:value="androidx.startup" />
145-->[androidx.emoji2:emoji2:1.0.0] AndroidManifest.xml:33:17-49
146            <meta-data
146-->[androidx.lifecycle:lifecycle-process:2.4.0] AndroidManifest.xml:31:13-33:52
147                android:name="androidx.lifecycle.ProcessLifecycleInitializer"
147-->[androidx.lifecycle:lifecycle-process:2.4.0] AndroidManifest.xml:32:17-78
148                android:value="androidx.startup" />
148-->[androidx.lifecycle:lifecycle-process:2.4.0] AndroidManifest.xml:33:17-49
149        </provider>
150    </application>
151
152</manifest>